<?xml version="1.0" encoding="UTF-8"?>
<testng-results total="1" passed="1" failed="0" skipped="0">
  <reporter-output>
  </reporter-output>
  <suite started-at="2020-02-28T11:56:04Z" name="Suite" finished-at="2020-02-28T11:56:17Z" duration-ms="13412">
    <groups>
    </groups>
    <test started-at="2020-02-28T11:56:04Z" name="Test" finished-at="2020-02-28T11:56:17Z" duration-ms="13412">
      <class name="selenimumprojectone.TC01">
        <test-method signature="testone()[pri:0, instance:selenimumprojectone.TC01@21507a04]" started-at="2020-02-28T17:26:04Z" name="testone" finished-at="2020-02-28T17:26:17Z" duration-ms="13339" status="PASS">
          <reporter-output>
          </reporter-output>
        </test-method> <!-- testone -->
      </class> <!-- selenimumprojectone.TC01 -->
    </test> <!-- Test -->
  </suite> <!-- Suite -->
</testng-results>
